<?xml version="1.0" encoding="UTF-8"?>
<!-- Generated by org.testng.reporters.JUnitXMLReporter -->
<testsuite ignored="0" hostname="DESKTOP-1MU00UN" failures="0" tests="7" name="Test" time="34.585" errors="0" timestamp="2023-07-22T13:11:29 EDT">
  <testcase classname="com.saucedomoTestNg.practice.SauceDemoTestNGProject" name="logoTest" time="0.071"/>
  <testcase classname="com.saucedomoTestNg.practice.SauceDemoTestNGProject" name="producttoCart" time="0.352"/>
  <testcase classname="com.saucedomoTestNg.practice.SauceDemoTestNGProject" name="testSingleProduct" time="21.382"/>
  <testcase classname="com.saucedomoTestNg.practice.SauceDemoTestNGProject" name="testProductPage" time="0.06"/>
  <testcase classname="com.saucedomoTestNg.practice.SauceDemoTestNGProject" name="testAtoZ" time="3.1"/>
  <testcase classname="com.saucedomoTestNg.practice.SauceDemoTestNGProject" name="testZtoA" time="3.093"/>
  <testcase classname="com.saucedomoTestNg.practice.SauceDemoTestNGProject" name="productCount" time="0.032"/>
</testsuite> <!-- Test -->
